2020-04-14 16:41:58,986 [WARN] from slick.basic.DatabaseConfig in play-dev-mode-akka.actor.default-dispatcher-11 - Use `profile` instead of `driver`. The latter is deprecated since Slick 3.2 and will be removed.
2020-04-14 16:42:00,114 [ERROR] from play.api.http.DefaultHttpErrorHandler in play-dev-mode-akka.actor.default-dispatcher-11 - 

! @7fenn6a5b - Internal server error, for (POST) [/products] ->
 
play.api.UnexpectedException: Unexpected exception[ProvisionException: Unable to provision, see the following errors:

1) Error injecting constructor, Configuration error: Configuration error[Cannot load class filters.ExampleFilter]
  at play.api.http.EnabledFilters.<init>(HttpFilters.scala:78)
  at play.utils.Reflect$.bindingsFromConfiguration(Reflect.scala:70):
Binding(class play.api.http.EnabledFilters to self) (via modules: com.google.inject.util.Modules$OverrideModule -> play.api.inject.guice.GuiceableModuleConversions$$anon$4)
  while locating play.api.http.EnabledFilters
  while locating play.api.http.HttpFilters
    for the 6th parameter of play.api.http.JavaCompatibleHttpRequestHandler.<init>(HttpRequestHandler.scala:299)
  while locating play.api.http.JavaCompatibleHttpRequestHandler
  while locating play.api.http.HttpRequestHandler
    for the 6th parameter of play.api.DefaultApplication.<init>(Application.scala:178)
  at play.api.DefaultApplication.class(Application.scala:177)
  while locating play.api.DefaultApplication
  while locating play.api.Application

1 error]
	at play.core.server.DevServerStart$$anon$1.reload(DevServerStart.scala:211)
	at play.core.server.DevServerStart$$anon$1.get(DevServerStart.scala:142)
	at play.core.server.AkkaHttpServer.handleRequest(AkkaHttpServer.scala:300)
	at play.core.server.AkkaHttpServer.$anonfun$createServerBinding$1(AkkaHttpServer.scala:190)
	at akka.stream.impl.fusing.MapAsync$$anon$30.onPush(Ops.scala:1289)
	at akka.stream.impl.fusing.GraphInterpreter.processPush(GraphInterpreter.scala:541)
	at akka.stream.impl.fusing.GraphInterpreter.execute(GraphInterpreter.scala:423)
	at akka.stream.impl.fusing.GraphInterpreterShell.runBatch(ActorGraphInterpreter.scala:624)
	at akka.stream.impl.fusing.GraphInterpreterShell$AsyncInput.execute(ActorGraphInterpreter.scala:501)
	at akka.stream.impl.fusing.GraphInterpreterShell.processEvent(ActorGraphInterpreter.scala:599)
	at akka.stream.impl.fusing.ActorGraphInterpreter.akka$stream$impl$fusing$ActorGraphInterpreter$$processEvent(ActorGraphInterpreter.scala:768)
	at akka.stream.impl.fusing.ActorGraphInterpreter$$anonfun$receive$1.applyOrElse(ActorGraphInterpreter.scala:783)
	at akka.actor.Actor.aroundReceive(Actor.scala:534)
	at akka.actor.Actor.aroundReceive$(Actor.scala:532)
	at akka.stream.impl.fusing.ActorGraphInterpreter.aroundReceive(ActorGraphInterpreter.scala:690)
	at akka.actor.ActorCell.receiveMessage(ActorCell.scala:573)
	at akka.actor.ActorCell.invoke(ActorCell.scala:543)
	at akka.dispatch.Mailbox.processMailbox(Mailbox.scala:269)
	at akka.dispatch.Mailbox.run(Mailbox.scala:230)
	at akka.dispatch.Mailbox.exec(Mailbox.scala:242)
	at java.util.concurrent.ForkJoinTask.doExec(ForkJoinTask.java:289)
	at java.util.concurrent.ForkJoinPool$WorkQueue.runTask(ForkJoinPool.java:1056)
	at java.util.concurrent.ForkJoinPool.runWorker(ForkJoinPool.java:1692)
	at java.util.concurrent.ForkJoinWorkerThread.run(ForkJoinWorkerThread.java:157)
Caused by: com.google.inject.ProvisionException: Unable to provision, see the following errors:

1) Error injecting constructor, Configuration error: Configuration error[Cannot load class filters.ExampleFilter]
  at play.api.http.EnabledFilters.<init>(HttpFilters.scala:78)
  at play.utils.Reflect$.bindingsFromConfiguration(Reflect.scala:70):
Binding(class play.api.http.EnabledFilters to self) (via modules: com.google.inject.util.Modules$OverrideModule -> play.api.inject.guice.GuiceableModuleConversions$$anon$4)
  while locating play.api.http.EnabledFilters
  while locating play.api.http.HttpFilters
    for the 6th parameter of play.api.http.JavaCompatibleHttpRequestHandler.<init>(HttpRequestHandler.scala:299)
  while locating play.api.http.JavaCompatibleHttpRequestHandler
  while locating play.api.http.HttpRequestHandler
    for the 6th parameter of play.api.DefaultApplication.<init>(Application.scala:178)
  at play.api.DefaultApplication.class(Application.scala:177)
  while locating play.api.DefaultApplication
  while locating play.api.Application

1 error
	at com.google.inject.internal.InternalProvisionException.toProvisionException(InternalProvisionException.java:226)
	at com.google.inject.internal.InjectorImpl$1.get(InjectorImpl.java:1053)
	at com.google.inject.internal.InjectorImpl.getInstance(InjectorImpl.java:1086)
	at play.api.inject.guice.GuiceInjector.instanceOf(GuiceInjectorBuilder.scala:436)
	at play.api.inject.guice.GuiceInjector.instanceOf(GuiceInjectorBuilder.scala:431)
	at play.api.inject.ContextClassLoaderInjector.$anonfun$instanceOf$2(Injector.scala:119)
	at play.api.inject.ContextClassLoaderInjector.withContext(Injector.scala:128)
	at play.api.inject.ContextClassLoaderInjector.instanceOf(Injector.scala:119)
	at play.api.inject.guice.GuiceApplicationBuilder.build(GuiceApplicationBuilder.scala:155)
	at play.api.inject.guice.GuiceApplicationLoader.load(GuiceApplicationLoader.scala:21)
	at play.core.server.DevServerStart$$anon$1.$anonfun$reload$3(DevServerStart.scala:190)
	at play.utils.Threads$.withContextClassLoader(Threads.scala:22)
	at play.core.server.DevServerStart$$anon$1.reload(DevServerStart.scala:182)
	... 23 common frames omitted
Caused by: play.api.Configuration$$anon$1: Configuration error[Cannot load class filters.ExampleFilter]
	at play.api.Configuration$.configError(Configuration.scala:155)
	at play.api.Configuration.reportError(Configuration.scala:394)
	at play.api.http.EnabledFilters.$anonfun$filters$2(HttpFilters.scala:101)
	at scala.collection.TraversableLike.$anonfun$map$1(TraversableLike.scala:237)
	at scala.collection.mutable.ResizableArray.foreach(ResizableArray.scala:62)
	at scala.collection.mutable.ResizableArray.foreach$(ResizableArray.scala:55)
	at scala.collection.mutable.ArrayBuffer.foreach(ArrayBuffer.scala:49)
	at scala.collection.TraversableLike.map(TraversableLike.scala:237)
	at scala.collection.TraversableLike.map$(TraversableLike.scala:230)
	at scala.collection.AbstractTraversable.map(Traversable.scala:108)
	at play.api.http.EnabledFilters.liftedTree1$1(HttpFilters.scala:94)
	at play.api.http.EnabledFilters.<init>(HttpFilters.scala:90)
	at play.api.http.EnabledFilters$$FastClassByGuice$$5bec3932.newInstance(<generated>)
	at com.google.inject.internal.DefaultConstructionProxyFactory$FastClassProxy.newInstance(DefaultConstructionProxyFactory.java:89)
	at com.google.inject.internal.ConstructorInjector.provision(ConstructorInjector.java:114)
	at com.google.inject.internal.ConstructorInjector.construct(ConstructorInjector.java:91)
	at com.google.inject.internal.ConstructorBindingImpl$Factory.get(ConstructorBindingImpl.java:306)
	at com.google.inject.internal.ProviderToInternalFactoryAdapter.get(ProviderToInternalFactoryAdapter.java:40)
	at com.google.inject.internal.SingletonScope$1.get(SingletonScope.java:168)
	at com.google.inject.internal.InternalFactoryToProviderAdapter.get(InternalFactoryToProviderAdapter.java:39)
	at com.google.inject.internal.FactoryProxy.get(FactoryProxy.java:62)
	at com.google.inject.internal.SingleParameterInjector.inject(SingleParameterInjector.java:42)
	at com.google.inject.internal.SingleParameterInjector.getAll(SingleParameterInjector.java:65)
	at com.google.inject.internal.ConstructorInjector.provision(ConstructorInjector.java:113)
	at com.google.inject.internal.ConstructorInjector.construct(ConstructorInjector.java:91)
	at com.google.inject.internal.ConstructorBindingImpl$Factory.get(ConstructorBindingImpl.java:306)
	at com.google.inject.internal.FactoryProxy.get(FactoryProxy.java:62)
	at com.google.inject.internal.SingleParameterInjector.inject(SingleParameterInjector.java:42)
	at com.google.inject.internal.SingleParameterInjector.getAll(SingleParameterInjector.java:65)
	at com.google.inject.internal.ConstructorInjector.provision(ConstructorInjector.java:113)
	at com.google.inject.internal.ConstructorInjector.construct(ConstructorInjector.java:91)
	at com.google.inject.internal.ConstructorBindingImpl$Factory.get(ConstructorBindingImpl.java:306)
	at com.google.inject.internal.ProviderToInternalFactoryAdapter.get(ProviderToInternalFactoryAdapter.java:40)
	at com.google.inject.internal.SingletonScope$1.get(SingletonScope.java:168)
	at com.google.inject.internal.InternalFactoryToProviderAdapter.get(InternalFactoryToProviderAdapter.java:39)
	at com.google.inject.internal.FactoryProxy.get(FactoryProxy.java:62)
	at com.google.inject.internal.InjectorImpl$1.get(InjectorImpl.java:1050)
	... 34 common frames omitted
Caused by: java.lang.ClassNotFoundException: filters.ExampleFilter
	at java.net.URLClassLoader.findClass(URLClassLoader.java:381)
	at java.lang.ClassLoader.loadClass(ClassLoader.java:424)
	at java.lang.ClassLoader.loadClass(ClassLoader.java:357)
	at play.api.http.EnabledFilters.$anonfun$filters$2(HttpFilters.scala:97)
	... 68 common frames omitted
2020-04-14 16:43:06,235 [WARN] from slick.basic.DatabaseConfig in play-dev-mode-akka.actor.default-dispatcher-6 - Use `profile` instead of `driver`. The latter is deprecated since Slick 3.2 and will be removed.
2020-04-14 16:43:06,338 [INFO] from play.api.http.EnabledFilters in play-dev-mode-akka.actor.default-dispatcher-6 - Enabled Filters (see <https://www.playframework.com/documentation/latest/Filters>):

    play.filters.csrf.CSRFFilter
    play.filters.headers.SecurityHeadersFilter
    play.filters.hosts.AllowedHostsFilter

2020-04-14 16:43:06,349 [INFO] from play.api.Play in play-dev-mode-akka.actor.default-dispatcher-6 - Application started (Dev) (no global state)
2020-04-14 16:43:06,498 [WARN] from play.filters.CSRF in application-akka.actor.default-dispatcher-6 - [CSRF] Check failed because no token found in headers for /products
2020-04-14 16:47:11,774 [WARN] from slick.basic.DatabaseConfig in play-dev-mode-akka.actor.default-dispatcher-22 - Use `profile` instead of `driver`. The latter is deprecated since Slick 3.2 and will be removed.
2020-04-14 16:47:11,849 [INFO] from play.api.http.EnabledFilters in play-dev-mode-akka.actor.default-dispatcher-22 - Enabled Filters (see <https://www.playframework.com/documentation/latest/Filters>):

    play.filters.csrf.CSRFFilter
    play.filters.headers.SecurityHeadersFilter
    play.filters.hosts.AllowedHostsFilter

2020-04-14 16:47:11,852 [INFO] from play.api.Play in play-dev-mode-akka.actor.default-dispatcher-22 - Application started (Dev) (no global state)
2020-04-14 16:47:11,878 [WARN] from play.filters.CSRF in application-akka.actor.default-dispatcher-6 - [CSRF] Check failed because no token found in headers for /products
